Enter field: Verbose? Which primes for Hecke eigenvalues (first#, last#)? 
Output Hecke eigenvalues? (0/1) Enter level: 
>>>> Level (4t), norm = 32 <<<<

1 newform(s) at level 4t:
1:	basis = [0,0,0,1,0,0,0,0];	aplist = [ -1 0 ]
Sign of F.E. = 1
Twisting prime lambda = 1
L/P ratio    = 1/4
L(f,1) nonzero for each form
p = t	   -1    *** bad prime
p = 1+t	    0 
p = -1+t	    0 
p = 3+t	    0 
p = -3+t	    0 
p = 3+2t	    2 
p = -3+2t	    2 
p = 1+3t	    0 
p = -1+3t	    0 
p = 5	   -6 
p = 3+4t	   10 
p = -3+4t	   10 
p = 5+3t	    0 
p = -5+3t	    0 
p = 7	  -14 
p = 3+5t	    0 
p = -3+5t	    0 
p = 7+3t	    0 
p = -7+3t	    0 
p = 1+6t	   -6 
p = -1+6t	   -6 
p = 9+t	    0 
p = -9+t	    0 
p = 9+2t	   10 
p = -9+2t	   10 
Enter level: 
>>>> Level (2+5t), norm = 54 <<<<

1 newform(s) at level 2+5t:
1:	basis = [0,0,0,1,0,0,0,0];	aplist = [ 1 -1 1 ]
Sign of F.E. = 1
Twisting prime lambda = 1
L/P ratio    = 1/3
L(f,1) nonzero for each form
p = t	    1    *** bad prime
p = 1+t	   -1    *** bad prime
p = -1+t	    1 
p = 3+t	    3 
p = -3+t	    0 
p = 3+2t	   -6 
p = -3+2t	   -3 
p = 1+3t	    2 
p = -1+3t	    2 
p = 5	   -1 
p = 3+4t	    0 
p = -3+4t	   -3 
p = 5+3t	    8 
p = -5+3t	  -10 
p = 7	   -4 
p = 3+5t	    6 
p = -3+5t	    9 
p = 7+3t	    5 
p = -7+3t	  -13 
p = 1+6t	    2 
p = -1+6t	    2 
p = 9+t	  -12 
p = -9+t	    6 
p = 9+2t	    0 
p = -9+2t	    9 
Enter level: 
>>>> Level (6t), norm = 72 <<<<
No newforms.
Enter level: 
>>>> Level (7t), norm = 98 <<<<

1 newform(s) at level 7t:
1:	basis = [0,1,0,0];	aplist = [ 1 -1 -2 ]
Sign of F.E. = 1
Twisting prime lambda = 1
L/P ratio    = 1/6
L(f,1) nonzero for each form
p = t	    1    *** bad prime
p = 1+t	   -2 
p = -1+t	   -2 
p = 3+t	    0 
p = -3+t	    0 
p = 3+2t	    6 
p = -3+2t	    6 
p = 1+3t	    2 
p = -1+3t	    2 
p = 5	  -10 
p = 3+4t	    6 
p = -3+4t	    6 
p = 5+3t	    8 
p = -5+3t	    8 
p = 7	   -1    *** bad prime
p = 3+5t	   -6 
p = -3+5t	   -6 
p = 7+3t	   -4 
p = -7+3t	   -4 
p = 1+6t	    2 
p = -1+6t	    2 
p = 9+t	   -6 
p = -9+t	   -6 
p = 9+2t	   -6 
p = -9+2t	   -6 
Enter level: 
>>>> Level (10), norm = 100 <<<<

1 newform(s) at level 10:
1:	basis = [0,0,1,0,0,0];	aplist = [ -1 -1 -2 ]
Sign of F.E. = -1
Twisting prime lambda = 3+2t
L/P ratio    = 2
p = t	   -1    *** bad prime
p = 1+t	   -2 
p = -1+t	   -2 
p = 3+t	    0 
p = -3+t	    0 
p = 3+2t	   -6 
p = -3+2t	   -6 
p = 1+3t	   -4 
p = -1+3t	   -4 
p = 5	   -1    *** bad prime
p = 3+4t	    6 
p = -3+4t	    6 
p = 5+3t	  -10 
p = -5+3t	  -10 
p = 7	  -10 
p = 3+5t	   12 
p = -3+5t	   12 
p = 7+3t	    2 
p = -7+3t	    2 
p = 1+6t	    2 
p = -1+6t	    2 
p = 9+t	    6 
p = -9+t	    6 
p = 9+2t	   -6 
p = -9+2t	   -6 
Enter level: 
>>>> Level (2+7t), norm = 102 <<<<

2 newform(s) at level 2+7t:
1:	basis = [0,0,0,0,1,0,0,0,0];	aplist = [ 1 1 1 -2 ]
Sign of F.E. = -1
Twisting prime lambda = 1+6t
L/P ratio    = 8
2:	basis = [0,2,0,0,1,0,0,0,0];	aplist = [ -1 1 1 -2 ]
Sign of F.E. = 1
Twisting prime lambda = -3+2t
L/P ratio    = 8
p = t	    1    -1    *** bad prime
p = 1+t	   -2    -2 
p = -1+t	    1     1    *** bad prime
p = 3+t	   -4    -4 
p = -3+t	   -2    -2 
p = 3+2t	    1     1    *** bad prime
p = -3+2t	   -6    -6 
p = 1+3t	    0     0 
p = -1+3t	   -4    -4 
p = 5	   -2    -2 
p = 3+4t	   -2    -2 
p = -3+4t	   -2    -2 
p = 5+3t	   -2    -2 
p = -5+3t	   10    10 
p = 7	   -2    -2 
p = 3+5t	    6     6 
p = -3+5t	  -10   -10 
p = 7+3t	   -8    -8 
p = -7+3t	    0     0 
p = 1+6t	  -10   -10 
p = -1+6t	   14    14 
p = 9+t	   -2    -2 
p = -9+t	   14    14 
p = 9+2t	   -6    -6 
p = -9+2t	    6     6 
Enter level: 
>>>> Level (4+7t), norm = 114 <<<<

1 newform(s) at level 4+7t:
1:	basis = [0,0,0,1,0,0,0,0];	aplist = [ -1 1 1 0 ]
Sign of F.E. = 1
Twisting prime lambda = 1
L/P ratio    = 1/4
L(f,1) nonzero for each form
p = t	   -1    *** bad prime
p = 1+t	    1    *** bad prime
p = -1+t	    0 
p = 3+t	    4 
p = -3+t	    4 
p = 3+2t	   -2 
p = -3+2t	   -6 
p = 1+3t	    0 
p = -1+3t	    1    *** bad prime
p = 5	   -2 
p = 3+4t	  -10 
p = -3+4t	    6 
p = 5+3t	   -4 
p = -5+3t	    0 
p = 7	    2 
p = 3+5t	   -4 
p = -3+5t	    4 
p = 7+3t	    4 
p = -7+3t	  -12 
p = 1+6t	  -14 
p = -1+6t	  -14 
p = 9+t	   12 
p = -9+t	  -16 
p = 9+2t	   -6 
p = -9+2t	   10 
Enter level: 
>>>> Level (11), norm = 121 <<<<

1 newform(s) at level 11:
1:	basis = [0,0,1,0];	aplist = [ -1 -1 -2 ]
Sign of F.E. = -1
Twisting prime lambda = 3+2t
L/P ratio    = 2
p = t	   -2 
p = 1+t	   -1 
p = -1+t	   -1 
p = 3+t	   -1    *** bad prime
p = -3+t	   -1    *** bad prime
p = 3+2t	   -2 
p = -3+2t	   -2 
p = 1+3t	    0 
p = -1+3t	    0 
p = 5	   -9 
p = 3+4t	   -8 
p = -3+4t	   -8 
p = 5+3t	   -6 
p = -5+3t	   -6 
p = 7	  -10 
p = 3+5t	    5 
p = -3+5t	    5 
p = 7+3t	   -7 
p = -7+3t	   -7 
p = 1+6t	    4 
p = -1+6t	    4 
p = 9+t	   -6 
p = -9+t	   -6 
p = 9+2t	   15 
p = -9+2t	   15 
Enter level: 
>>>> Level (12), norm = 144 <<<<
Error in splitting eigenspaces: apparently found more 1D newforms (2) than the total new-dimension (1).

1 newform(s) at level 12:
1:	basis = [0,0,0,1,-1,1,-1,0,0,0,0,0,0,0,0,0,0,0,0,0,0,0,0,0,0,0];	aplist = [ 1 1 1 4 ]
Sign of F.E. = -1
Twisting prime lambda = 3+2t
L/P ratio    = 4
p = t	    1    *** bad prime
p = 1+t	    1    *** bad prime
p = -1+t	    1    *** bad prime
p = 3+t	    4 
p = -3+t	    4 
p = 3+2t	    2 
p = -3+2t	    2 
p = 1+3t	   -4 
p = -1+3t	   -4 
p = 5	   -6 
p = 3+4t	   -6 
p = -3+4t	   -6 
p = 5+3t	    4 
p = -5+3t	    4 
p = 7	  -14 
p = 3+5t	    4 
p = -3+5t	    4 
p = 7+3t	   -4 
p = -7+3t	   -4 
p = 1+6t	   10 
p = -1+6t	   10 
p = 9+t	   -4 
p = -9+t	   -4 
p = 9+2t	   -6 
p = -9+2t	   -6 
Enter level: 
