Enter field: Verbose? Which primes for Hecke eigenvalues (first#, last#)? 
Output Hecke eigenvalues? (0/1) Enter level: 
>>>> Level (-2+4a), norm = 28 <<<<

1 newform(s) at level -2+4a:
1:	basis = [0,1,0,0,0,0,0,0];	aplist = [ 1 1 -1 -2 ]
Sign of F.E. = 1
Twisting prime lambda = 1
L/P ratio    = 1/6
L(f,1) nonzero for each form
p = a	    1    *** bad prime
p = -1+a	    1    *** bad prime
p = -1+2a	   -1    *** bad prime
p = 3	   -2 
p = 1+2a	    0 
p = -3+2a	    0 
p = 3+2a	    0 
p = -5+2a	    0 
p = 5	  -10 
p = -1+4a	   -6 
p = -3+4a	   -6 
p = 1+4a	    2 
p = -5+4a	    2 
p = 5+2a	    8 
p = -7+2a	    8 
p = 3+4a	    6 
p = -7+4a	    6 
p = -1+6a	   -4 
p = -5+6a	   -4 
p = 7+2a	    0 
p = -9+2a	    0 
p = 1+6a	    8 
p = -7+6a	    8 
p = 9+2a	   12 
p = -11+2a	   12 
Enter level: 
>>>> Level (2+4a), norm = 44 <<<<

1 newform(s) at level 2+4a:
1:	basis = [0,1,0,0,0,0,0,0];	aplist = [ 1 -1 1 -4 ]
Sign of F.E. = 1
Twisting prime lambda = 1
L/P ratio    = 1/6
L(f,1) nonzero for each form
p = a	    1    *** bad prime
p = -1+a	   -1    *** bad prime
p = -1+2a	   -4 
p = 3	   -2 
p = 1+2a	    1    *** bad prime
p = -3+2a	    0 
p = 3+2a	    0 
p = -5+2a	    0 
p = 5	    2 
p = -1+4a	    6 
p = -3+4a	    6 
p = 1+4a	    2 
p = -5+4a	  -10 
p = 5+2a	   -4 
p = -7+2a	   -4 
p = 3+4a	    6 
p = -7+4a	   -6 
p = -1+6a	   -4 
p = -5+6a	    8 
p = 7+2a	    0 
p = -9+2a	   12 
p = 1+6a	    8 
p = -7+6a	  -16 
p = 9+2a	  -12 
p = -11+2a	    0 
Enter level: 
>>>> Level (-1+5a), norm = 46 <<<<

1 newform(s) at level -1+5a:
1:	basis = [0,1,0,0];	aplist = [ -1 1 0 ]
Sign of F.E. = 1
Twisting prime lambda = 1
L/P ratio    = 1/6
L(f,1) nonzero for each form
p = a	    0 
p = -1+a	   -1    *** bad prime
p = -1+2a	    2 
p = 3	    4 
p = 1+2a	    0 
p = -3+2a	    0 
p = 3+2a	    0 
p = -5+2a	    1    *** bad prime
p = 5	    8 
p = -1+4a	   12 
p = -3+4a	    6 
p = 1+4a	    8 
p = -5+4a	   14 
p = 5+2a	   14 
p = -7+2a	    8 
p = 3+4a	   18 
p = -7+4a	   18 
p = -1+6a	   20 
p = -5+6a	   20 
p = 7+2a	   18 
p = -9+2a	   24 
p = 1+6a	   20 
p = -7+6a	   32 
p = 9+2a	   36 
p = -11+2a	   30 
Enter level: 
>>>> Level (6+2a), norm = 56 <<<<
No newforms.
Enter level: 
>>>> Level (-3+6a), norm = 63 <<<<

1 newform(s) at level -3+6a:
1:	basis = [0,0,1,0];	aplist = [ 1 -1 -1 ]
Sign of F.E. = 1
Twisting prime lambda = 1
L/P ratio    = 1/8
L(f,1) nonzero for each form
p = a	   -1 
p = -1+a	   -1 
p = -1+2a	    1    *** bad prime
p = 3	   -1    *** bad prime
p = 1+2a	    4 
p = -3+2a	    4 
p = 3+2a	    0 
p = -5+2a	    0 
p = 5	   -6 
p = -1+4a	   -2 
p = -3+4a	   -2 
p = 1+4a	    6 
p = -5+4a	    6 
p = 5+2a	   -4 
p = -7+2a	   -4 
p = 3+4a	    6 
p = -7+4a	    6 
p = -1+6a	    4 
p = -5+6a	    4 
p = 7+2a	    0 
p = -9+2a	    0 
p = 1+6a	  -16 
p = -7+6a	  -16 
p = 9+2a	    4 
p = -11+2a	    4 
Enter level: 
>>>> Level (4+5a), norm = 86 <<<<

1 newform(s) at level 4+5a:
1:	basis = [0,1,0,0];	aplist = [ 1 -1 0 ]
Sign of F.E. = 1
Twisting prime lambda = 1
L/P ratio    = 1/3
L(f,1) nonzero for each form
p = a	    1    *** bad prime
p = -1+a	    0 
p = -1+2a	   -1 
p = 3	    4 
p = 1+2a	    3 
p = -3+2a	    3 
p = 3+2a	   -6 
p = -5+2a	   -3 
p = 5	   -1 
p = -1+4a	    6 
p = -3+4a	   -6 
p = 1+4a	   -7 
p = -5+4a	   -7 
p = 5+2a	    8 
p = -7+2a	   -1    *** bad prime
p = 3+4a	   -6 
p = -7+4a	   -6 
p = -1+6a	   14 
p = -5+6a	   -4 
p = 7+2a	   12 
p = -9+2a	    9 
p = 1+6a	    8 
p = -7+6a	  -10 
p = 9+2a	    0 
p = -11+2a	    0 
Enter level: 
>>>> Level (-3+7a), norm = 86 <<<<

1 newform(s) at level -3+7a:
1:	basis = [0,0,1,0];	aplist = [ -1 1 1 ]
Sign of F.E. = 1
Twisting prime lambda = 1
L/P ratio    = 1/4
L(f,1) nonzero for each form
p = a	    1 
p = -1+a	   -1    *** bad prime
p = -1+2a	   -4 
p = 3	    2 
p = 1+2a	   -4 
p = -3+2a	    4 
p = 3+2a	    0 
p = -5+2a	    0 
p = 5	   -2 
p = -1+4a	   -6 
p = -3+4a	   -2 
p = 1+4a	    6 
p = -5+4a	   -2 
p = 5+2a	    0 
p = -7+2a	    1    *** bad prime
p = 3+4a	   14 
p = -7+4a	   10 
p = -1+6a	   -4 
p = -5+6a	    0 
p = 7+2a	   12 
p = -9+2a	  -12 
p = 1+6a	    4 
p = -7+6a	    8 
p = 9+2a	  -20 
p = -11+2a	   -8 
Enter level: 
>>>> Level (8+2a), norm = 88 <<<<
No newforms.
Enter level: 
>>>> Level (7+3a), norm = 88 <<<<

1 newform(s) at level 7+3a:
1:	basis = [0,1,0,0,0,0,0,0];	aplist = [ -1 1 1 ]
Sign of F.E. = 1
Twisting prime lambda = 1
L/P ratio    = 1/4
L(f,1) nonzero for each form
p = a	    1 
p = -1+a	   -1    *** bad prime
p = -1+2a	    4 
p = 3	   -2 
p = 1+2a	    1    *** bad prime
p = -3+2a	    0 
p = 3+2a	   -8 
p = -5+2a	    0 
p = 5	   -6 
p = -1+4a	    6 
p = -3+4a	   -2 
p = 1+4a	    2 
p = -5+4a	   -2 
p = 5+2a	    4 
p = -7+2a	   -4 
p = 3+4a	   -2 
p = -7+4a	   -6 
p = -1+6a	   12 
p = -5+6a	    8 
p = 7+2a	    8 
p = -9+2a	    4 
p = 1+6a	    0 
p = -7+6a	    8 
p = 9+2a	  -12 
p = -11+2a	   16 
Enter level: 
>>>> Level (2+6a), norm = 88 <<<<

1 newform(s) at level 2+6a:
1:	basis = [0,0,1,1,0,0,0,0,0,0,0,0,0,0];	aplist = [ 1 -1 1 4 ]
Sign of F.E. = 1
Twisting prime lambda = 1
L/P ratio    = 1/4
L(f,1) nonzero for each form
p = a	    1    *** bad prime
p = -1+a	   -1    *** bad prime
p = -1+2a	    4 
p = 3	    6 
p = 1+2a	    0 
p = -3+2a	    1    *** bad prime
p = 3+2a	    8 
p = -5+2a	    8 
p = 5	   10 
p = -1+4a	   14 
p = -3+4a	    6 
p = 1+4a	   14 
p = -5+4a	   10 
p = 5+2a	   12 
p = -7+2a	   12 
p = 3+4a	   18 
p = -7+4a	   14 
p = -1+6a	   24 
p = -5+6a	   20 
p = 7+2a	   20 
p = -9+2a	   16 
p = 1+6a	   32 
p = -7+6a	   24 
p = 9+2a	   48 
p = -11+2a	   44 
Enter level: 
>>>> Level (-2+7a), norm = 88 <<<<
No newforms.
Enter level: 
>>>> Level (9+a), norm = 92 <<<<
No newforms.
Enter level: 
>>>> Level (6+4a), norm = 92 <<<<
No newforms.
Enter level: 
